SF:lib/apis/sample.dart
DA:6,1
DA:7,1
DA:8,2
DA:10,2
DA:13,3
DA:17,1
LF:6
LH:6
end_of_record
SF:lib/models/user.dart
DA:4,2
DA:6,1
DA:7,1
DA:8,1
LF:4
LH:4
end_of_record
SF:lib/generated/l10n.dart
DA:16,2
DA:20,0
DA:21,0
DA:28,2
DA:29,4
DA:30,0
DA:31,2
DA:32,2
DA:33,6
DA:34,2
DA:35,2
DA:42,0
DA:43,0
DA:44,0
DA:49,0
DA:50,0
DA:54,0
DA:55,0
DA:59,0
DA:64,0
DA:65,0
DA:69,0
DA:74,0
DA:75,0
DA:79,0
DA:84,0
DA:85,0
DA:89,0
DA:95,2
DA:97,2
DA:104,2
DA:105,2
DA:106,2
DA:107,2
DA:108,0
DA:111,2
DA:112,4
DA:113,6
LF:38
LH:17
end_of_record
SF:lib/screens/home.dart
DA:9,3
DA:11,1
DA:12,1
DA:18,1
DA:20,1
DA:21,1
DA:22,2
DA:24,1
DA:25,1
DA:27,1
DA:28,2
DA:29,1
DA:31,1
DA:32,2
DA:33,4
DA:34,3
DA:38,1
DA:39,2
DA:40,0
DA:41,0
DA:42,0
DA:43,0
DA:47,1
DA:48,1
DA:53,1
DA:54,3
LF:26
LH:22
end_of_record
SF:lib/screens/result.dart
DA:7,5
DA:9,1
DA:10,1
DA:14,1
DA:16,2
DA:18,1
DA:19,1
DA:20,1
DA:21,1
DA:22,3
DA:24,1
DA:26,3
DA:31,1
DA:32,1
DA:33,2
DA:35,1
DA:36,1
DA:37,1
DA:39,1
DA:41,1
DA:44,1
LF:21
LH:21
end_of_record
SF:lib/utils/themes.dart
DA:4,0
DA:6,8
DA:10,8
LF:3
LH:2
end_of_record
SF:lib/utils/localization.dart
DA:3,4
LF:1
LH:1
end_of_record
SF:lib/controllers/count_controller.dart
DA:6,4
LF:1
LH:1
end_of_record
SF:lib/generated/intl/messages_all.dart
DA:22,6
DA:23,4
DA:24,0
DA:27,2
DA:29,2
DA:30,2
DA:31,0
DA:32,0
DA:39,2
DA:40,2
DA:41,6
DA:42,0
DA:44,0
DA:46,4
DA:47,4
DA:48,6
DA:49,4
DA:50,2
DA:53,2
DA:55,2
DA:61,2
DA:63,2
DA:65,2
LF:23
LH:18
end_of_record
SF:lib/generated/intl/messages_en.dart
DA:16,6
DA:21,0
DA:24,4
DA:25,2
DA:26,2
DA:28,2
DA:29,2
LF:7
LH:6
end_of_record
SF:lib/generated/intl/messages_ko.dart
DA:16,0
DA:21,0
DA:24,0
DA:25,0
DA:26,0
DA:27,0
DA:28,0
LF:7
LH:0
end_of_record
SF:lib/utils/asset.dart
DA:4,0
DA:5,0
DA:9,0
DA:10,2
DA:14,0
LF:5
LH:1
end_of_record
SF:lib/widgets/responsive.dart
DA:9,1
DA:14,1
DA:16,0
DA:17,0
DA:19,0
DA:20,0
DA:21,0
DA:23,0
DA:24,0
DA:26,1
DA:28,2
DA:30,2
DA:31,0
DA:32,2
DA:33,0
DA:36,1
LF:16
LH:7
end_of_record
