SF:lib/models/user.dart
DA:4,1
DA:6,0
DA:7,0
DA:8,0
LF:4
LH:1
end_of_record
SF:lib/generated/l10n.dart
DA:16,3
DA:20,0
DA:21,0
DA:28,3
DA:29,6
DA:30,0
DA:31,3
DA:32,3
DA:33,9
DA:34,3
DA:35,3
DA:42,0
DA:43,0
DA:44,0
DA:49,0
DA:50,0
DA:54,0
DA:55,0
DA:59,0
DA:64,0
DA:65,0
DA:69,0
DA:74,0
DA:75,0
DA:79,0
DA:84,0
DA:85,0
DA:89,0
DA:95,3
DA:97,3
DA:104,3
DA:105,3
DA:106,3
DA:107,3
DA:108,0
DA:111,3
DA:112,6
DA:113,9
LF:38
LH:17
end_of_record
SF:lib/screens/home.dart
DA:9,4
DA:11,2
DA:12,2
DA:18,2
DA:20,2
DA:21,2
DA:22,4
DA:24,2
DA:25,2
DA:27,2
DA:28,4
DA:29,2
DA:31,2
DA:32,4
DA:33,8
DA:34,6
DA:38,2
DA:39,4
DA:40,0
DA:41,0
DA:42,0
DA:43,0
DA:47,2
DA:48,2
DA:53,2
DA:54,6
LF:26
LH:22
end_of_record
SF:lib/screens/result.dart
DA:7,7
DA:9,1
DA:10,1
DA:14,1
DA:16,2
DA:18,1
DA:19,1
DA:20,1
DA:21,1
DA:22,3
DA:24,1
DA:26,3
DA:31,1
DA:32,1
DA:33,2
DA:35,1
DA:36,1
DA:37,1
DA:39,1
DA:41,1
DA:44,1
LF:21
LH:21
end_of_record
SF:lib/utils/themes.dart
DA:4,0
DA:6,12
DA:10,12
LF:3
LH:2
end_of_record
SF:lib/utils/localization.dart
DA:3,6
LF:1
LH:1
end_of_record
SF:lib/controllers/count_controller.dart
DA:6,8
LF:1
LH:1
end_of_record
SF:lib/generated/intl/messages_all.dart
DA:22,9
DA:23,6
DA:24,0
DA:27,3
DA:29,3
DA:30,3
DA:31,0
DA:32,0
DA:39,3
DA:40,3
DA:41,9
DA:42,0
DA:44,0
DA:46,6
DA:47,6
DA:48,9
DA:49,6
DA:50,3
DA:53,3
DA:55,3
DA:61,3
DA:63,3
DA:65,3
LF:23
LH:18
end_of_record
SF:lib/generated/intl/messages_en.dart
DA:16,9
DA:21,0
DA:24,6
DA:25,3
DA:26,3
DA:28,3
DA:29,3
LF:7
LH:6
end_of_record
SF:lib/generated/intl/messages_ko.dart
DA:16,0
DA:21,0
DA:24,0
DA:25,0
DA:26,0
DA:27,0
DA:28,0
LF:7
LH:0
end_of_record
SF:lib/utils/asset.dart
DA:4,0
DA:5,0
DA:9,0
DA:10,4
DA:14,0
LF:5
LH:1
end_of_record
SF:lib/widgets/responsive.dart
DA:9,1
DA:14,1
DA:16,0
DA:17,0
DA:19,0
DA:20,0
DA:21,0
DA:23,0
DA:24,0
DA:26,1
DA:28,2
DA:30,2
DA:31,0
DA:32,2
DA:33,0
DA:36,1
LF:16
LH:7
end_of_record
SF:lib/main.dart
DA:12,0
DA:13,0
DA:15,0
DA:19,2
DA:21,1
DA:22,1
DA:25,2
DA:26,1
DA:28,1
DA:29,1
DA:39,1
DA:41,1
DA:43,1
DA:45,1
DA:46,1
DA:59,1
DA:60,1
DA:62,0
DA:64,1
DA:66,0
LF:20
LH:15
end_of_record
